<?xml version="1.0" encoding="UTF-8"?>
<testng-results ignored="0" total="1" passed="1" failed="0" skipped="0">
  <reporter-output>
  </reporter-output>
  <suite started-at="2022-11-22T18:14:17 IST" name="Default suite" finished-at="2022-11-22T18:14:26 IST" duration-ms="8664">
    <groups>
    </groups>
    <test started-at="2022-11-22T18:14:17 IST" name="Default test" finished-at="2022-11-22T18:14:26 IST" duration-ms="8664">
      <class name="Sample_Extent_Report.Extent_Report_1">
        <test-method signature="Report_Demo()[pri:0, instance:Sample_Extent_Report.Extent_Report_1@1e6a3214]" started-at="2022-11-22T18:14:17 IST" name="Report_Demo" finished-at="2022-11-22T18:14:26 IST" duration-ms="8598" status="PASS">
          <reporter-output>
          </reporter-output>
        </test-method> <!-- Report_Demo -->
      </class> <!-- Sample_Extent_Report.Extent_Report_1 -->
    </test> <!-- Default test -->
  </suite> <!-- Default suite -->
</testng-results>
